<?xml version="1.0" encoding="utf-8" standalone="no"?>
<!--This file represents the results of running a test suite-->
<test-results name="C:\MyProjects\Eagle\SDK3.5\tests\Eagle.Tests.nunit" total="1" errors="1" failures="0" not-run="0" inconclusive="0" ignored="0" skipped="0" invalid="0" date="2015-03-04" time="18:38:53">
  <environment nunit-version="2.6.4.14350" clr-version="2.0.50727.5466" os-version="Microsoft Windows NT 6.1.7601 Service Pack 1" platform="Win32NT" cwd="C:\MyProjects\Eagle\SDK3.5\tests\Eagle.Tests\bin\Debug" machine-name="TAOFE2" user="taofe" user-domain="ASIAPACIFIC" />
  <culture-info current-culture="en-US" current-uiculture="en-US" />
  <test-suite type="Project" name="C:\MyProjects\Eagle\SDK3.5\tests\Eagle.Tests.nunit" executed="True" result="Failure" success="False" time="121.035" asserts="0">
    <results>
      <test-suite type="Assembly" name="C:\MyProjects\Eagle\SDK3.5\tests\Eagle.Tests\bin\Debug\Eagle.Tests.dll" executed="True" result="Failure" success="False" time="121.035" asserts="0">
        <results>
          <test-suite type="Namespace" name="Eagle" executed="True" result="Failure" success="False" time="121.035" asserts="0">
            <results>
              <test-suite type="Namespace" name="Tests" executed="True" result="Failure" success="False" time="121.035" asserts="0">
                <results>
                  <test-suite type="TestFixture" name="NPocoTests" executed="True" result="Failure" success="False" time="121.034" asserts="0">
                    <results>
                      <test-case name="Eagle.Tests.NPocoTests.Test_Query" executed="True" result="Error" success="False" time="121.031" asserts="4">
                        <failure>
                          <message><![CDATA[System.Data.SqlClient.SqlException : Invalid column name 'post_id'.]]></message>
                          <stack-trace><![CDATA[at System.Data.SqlClient.SqlConnection.OnError(SqlException exception, Boolean breakConnection)
at System.Data.SqlClient.SqlInternalConnection.OnError(SqlException exception, Boolean breakConnection)
at System.Data.SqlClient.TdsParser.ThrowExceptionAndWarning(TdsParserStateObject stateObj)
at System.Data.SqlClient.TdsParser.Run(RunBehavior runBehavior, SqlCommand cmdHandler, SqlDataReader dataStream, BulkCopySimpleResultSet bulkCopyHandler, TdsParserStateObject stateObj)
at System.Data.SqlClient.SqlDataReader.ConsumeMetaData()
at System.Data.SqlClient.SqlDataReader.get_MetaData()
at System.Data.SqlClient.SqlCommand.FinishExecuteReader(SqlDataReader ds, RunBehavior runBehavior, String resetOptionsString)
at System.Data.SqlClient.SqlCommand.RunExecuteReaderTds(CommandBehavior cmdBehavior, RunBehavior runBehavior, Boolean returnStream, Boolean async)
at System.Data.SqlClient.SqlCommand.RunExecuteReader(CommandBehavior cmdBehavior, RunBehavior runBehavior, Boolean returnStream, String method, DbAsyncResult result)
at System.Data.SqlClient.SqlCommand.RunExecuteReader(CommandBehavior cmdBehavior, RunBehavior runBehavior, Boolean returnStream, String method)
at System.Data.SqlClient.SqlCommand.ExecuteScalar()
at NPoco.Database.ExecuteScalarHelper(IDbCommand cmd) in C:\MyProjects\NPoco-master\NPoco-master\src\NPoco\Database.cs:line 1789
at NPoco.Database.ExecuteScalar[T](Sql Sql) in C:\MyProjects\NPoco-master\NPoco-master\src\NPoco\Database.cs:line 656
at NPoco.Database.ExecuteScalar[T](String sql, Object[] args) in C:\MyProjects\NPoco-master\NPoco-master\src\NPoco\Database.cs:line 629
at NPoco.Database.Page[T](Type[] types, Delegate cb, Int64 page, Int64 itemsPerPage, String sql, Object[] args) in C:\MyProjects\NPoco-master\NPoco-master\src\NPoco\Database.cs:line 1003
at NPoco.Database.Page[T1,T2,TRet](Func`3 cb, Int64 page, Int64 itemsPerPage, String sql, Object[] args) in C:\MyProjects\NPoco-master\NPoco-master\src\NPoco\Database.cs:line 861
at Eagle.Tests.NPocoTests.Test_Query() in c:\MyProjects\Eagle\SDK3.5\tests\Eagle.Tests\DDD.Repository.Tests\NPocoTests.cs:line 85
]]></stack-trace>
                        </failure>
                      </test-case>
                    </results>
                  </test-suite>
                </results>
              </test-suite>
            </results>
          </test-suite>
        </results>
      </test-suite>
    </results>
  </test-suite>
</test-results>