<?xml version="1.0" encoding="utf-8" standalone="no"?>
<!--This file represents the results of running a test suite-->
<test-results name="C:\MyProjects\GitHub WorkSpace\EApp\EApp.Tests\EApp.nunit" total="0" errors="0" failures="0" not-run="1" inconclusive="0" ignored="0" skipped="0" invalid="1" date="2015-02-09" time="13:34:36">
  <environment nunit-version="2.6.4.14350" clr-version="2.0.50727.5466" os-version="Microsoft Windows NT 6.1.7601 Service Pack 1" platform="Win32NT" cwd="C:\MyProjects\GitHub WorkSpace\EApp\EApp.Tests\bin\Debug" machine-name="TAOFE2" user="taofe" user-domain="ASIAPACIFIC" />
  <culture-info current-culture="en-US" current-uiculture="en-US" />
  <test-suite type="Project" name="C:\MyProjects\GitHub WorkSpace\EApp\EApp.Tests\EApp.nunit" executed="True" result="Failure" success="False" time="0.006" asserts="0">
    <results>
      <test-suite type="Assembly" name="C:\MyProjects\GitHub WorkSpace\EApp\EApp.Tests\bin\Debug\EApp.Tests.dll" executed="True" result="Failure" success="False" time="0.005" asserts="0">
        <results>
          <test-suite type="Namespace" name="EApp" executed="True" result="Failure" success="False" time="0.004" asserts="0">
            <results>
              <test-suite type="Namespace" name="Tests" executed="True" result="Failure" success="False" time="0.003" asserts="0">
                <results>
                  <test-suite type="TestFixture" name="EAppDataTest" executed="True" result="Failure" success="False" time="0.002" asserts="0">
                    <results>
                      <test-case name="EApp.Tests.EAppDataTest.BuildEntityMappingConfigurationXml" executed="False" result="NotRunnable">
                        <reason>
                          <message><![CDATA[Test method has non-void return type, but no result is expected]]></message>
                        </reason>
                      </test-case>
                    </results>
                  </test-suite>
                </results>
              </test-suite>
            </results>
          </test-suite>
        </results>
      </test-suite>
    </results>
  </test-suite>
</test-results>